build/app/outputs/mapping/debug/mapping.txt
# compiler: R8
# compiler_version: 1.5.64
# min_api: 16
# pg_map_id: 35b9feb
com.suivantec.social.MainActivity -> com.suivantec.social.MainActivity:
    8:8:void <init>() -> <init>
    10:11:void configureFlutterEngine(io.flutter.embedding.engine.FlutterEngine) -> b
...
io.grpc.internal.ManagedChannelImpl$NameResolverListener -> c.b.n1.d1$m:
    io.grpc.NameResolver resolver -> b
    io.grpc.internal.ManagedChannelImpl$LbHelperImpl helper -> a
    io.grpc.internal.ManagedChannelImpl this$0 -> c
    1299:1302:void <init>(io.grpc.internal.ManagedChannelImpl,io.grpc.internal.ManagedChannelImpl$LbHelperImpl,io.grpc.NameResolver) -> <init>
    1295:1295:void access$6200(io.grpc.internal.ManagedChannelImpl$NameResolverListener,io.grpc.Status) -> a
    1388:1389:void onResult(io.grpc.NameResolver$ResolutionResult) -> a
    1393:1402:void onError(io.grpc.Status) -> a
    1405:1434:void handleErrorInSyncContext(io.grpc.Status) -> b
io.grpc.internal.ManagedChannelImpl$NameResolverListener$1NameResolverErrorHandler -> c.b.n1.d1$m$a:
    io.grpc.internal.ManagedChannelImpl$NameResolverListener this$1 -> c
    io.grpc.Status val$error -> b
    1394:1394:void <init>(io.grpc.internal.ManagedChannelImpl$NameResolverListener,io.grpc.Status) -> <init>
    1397:1398:void run() -> run
io.grpc.internal.ManagedChannelImpl$NameResolverListener$1NamesResolved -> c.b.n1.d1$m$b:
    io.grpc.internal.ManagedChannelImpl$NameResolverListener this$1 -> c
    io.grpc.NameResolver$ResolutionResult val$resolutionResult -> b
    1306:1306:void <init>(io.grpc.internal.ManagedChannelImpl$NameResolverListener,io.grpc.NameResolver$ResolutionResult) -> <init>
    1311:1385:void run() -> run
io.grpc.internal.ManagedChannelImpl$RealChannel -> c.b.n1.d1$n:
    java.lang.String authority -> a
    io.grpc.internal.ManagedChannelImpl this$0 -> b
    830:830:void <init>(io.grpc.internal.ManagedChannelImpl,java.lang.String,io.grpc.internal.ManagedChannelImpl$1) -> <init>
    835:837:void <init>(io.grpc.internal.ManagedChannelImpl,java.lang.String) -> <init>
    842:842:io.grpc.ClientCall newCall(io.grpc.MethodDescriptor,io.grpc.CallOptions) -> a
    857:857:java.lang.String authority() -> b
io.grpc.internal.ManagedChannelImpl$ScParser -> c.b.n1.d1$o:
    1737:1743:void <init>(boolean,int,int,io.grpc.internal.AutoConfiguredLoadBalancerFactory) -> <init>
io.grpc.internal.ManagedChannelImpl$ScheduledExecutorForBalancer -> c.b.n1.d1$p:
    java.util.concurrent.ScheduledExecutorService delegate -> b
    1624:1624:void <init>(java.util.concurrent.ScheduledExecutorService,io.grpc.internal.ManagedChannelImpl$1) -> <init>
    1627:1629:void <init>(java.util.concurrent.ScheduledExecutorService) -> <init>
    1656:1656:boolean awaitTermination(long,java.util.concurrent.TimeUnit) -> awaitTermination
    1721:1722:void execute(java.lang.Runnable) -> execute
    1662:1662:java.util.List invokeAll(java.util.Collection) -> invokeAll
    1669:1669:java.util.List invokeAll(java.util.Collection,long,java.util.concurrent.TimeUnit) -> invokeAll
    1675:1675:java.lang.Object invokeAny(java.util.Collection) -> invokeAny
    1681:1681:java.lang.Object invokeAny(java.util.Collection,long,java.util.concurrent.TimeUnit) -> invokeAny
    1686:1686:boolean isShutdown() -> isShutdown
    1691:1691:boolean isTerminated() -> isTerminated
    1633:1633:java.util.concurrent.ScheduledFuture schedule(java.util.concurrent.Callable,long,java.util.concurrent.TimeUnit) -> schedule
    1638:1638:java.util.concurrent.ScheduledFuture schedule(java.lang.Runnable,long,java.util.concurrent.TimeUnit) -> schedule
    1644:1644:java.util.concurrent.ScheduledFuture scheduleAtFixedRate(java.lang.Runnable,long,long,java.util.concurrent.TimeUnit) -> scheduleAtFixedRate